Starting CadOwl on 0.0.0.0:9001...
Open: http://localhost:9001
AI Model: MAXILLM

INFO:     Started server process [4880]
INFO:     Waiting for application startup.
INFO:app.main:\U0001f989 CadOwl starting up...
INFO:app.main:\U0001f4cd Host: 0.0.0.0:8080
INFO:app.main:\U0001f916 AI Model: maxillm
INFO:app.main:\u2705 Ready to fly!
INFO:     Application startup complete.
INFO:     Uvicorn running on http://0.0.0.0:9001 (Press CTRL+C to quit)
INFO:     127.0.0.1:57008 - "GET /api/health HTTP/1.1" 200 OK
INFO:     127.0.0.1:57009 - "GET / HTTP/1.1" 500 Internal Server Error
ERROR:    Exception in ASGI application
Traceback (most recent call last):
  File "C:\MAXILLM\CadOwl\.venv\Lib\site-packages\uvicorn\protocols\http\h11_impl.py", line 415, in run_asgi
    result = await app(  # type: ignore[func-returns-value]
             ^^^^^^^^^^^^^^^^^^^^^^^^^^^^^^^^^^^^^^^^^^^^^^
  File "C:\MAXILLM\CadOwl\.venv\Lib\site-packages\uvicorn\middleware\proxy_headers.py", line 56, in __call__
    return await self.app(scope, receive, send)
           ^^^^^^^^^^^^^^^^^^^^^^^^^^^^^^^^^^^^
  File "C:\MAXILLM\CadOwl\.venv\Lib\site-packages\fastapi\applications.py", line 1159, in __call__
    await super().__call__(scope, receive, send)
  File "C:\MAXILLM\CadOwl\.venv\Lib\site-packages\starlette\applications.py", line 90, in __call__
    await self.middleware_stack(scope, receive, send)
  File "C:\MAXILLM\CadOwl\.venv\Lib\site-packages\starlette\middleware\errors.py", line 186, in __call__
    raise exc
  File "C:\MAXILLM\CadOwl\.venv\Lib\site-packages\starlette\middleware\errors.py", line 164, in __call__
    await self.app(scope, receive, _send)
  File "C:\MAXILLM\CadOwl\.venv\Lib\site-packages\starlette\middleware\exceptions.py", line 63, in __call__
    await wrap_app_handling_exceptions(self.app, conn)(scope, receive, send)
  File "C:\MAXILLM\CadOwl\.venv\Lib\site-packages\starlette\_exception_handler.py", line 53, in wrapped_app
    raise exc
  File "C:\MAXILLM\CadOwl\.venv\Lib\site-packages\starlette\_exception_handler.py", line 42, in wrapped_app
    await app(scope, receive, sender)
  File "C:\MAXILLM\CadOwl\.venv\Lib\site-packages\fastapi\middleware\asyncexitstack.py", line 18, in __call__
    await self.app(scope, receive, send)
  File "C:\MAXILLM\CadOwl\.venv\Lib\site-packages\starlette\routing.py", line 660, in __call__
    await self.middleware_stack(scope, receive, send)
  File "C:\MAXILLM\CadOwl\.venv\Lib\site-packages\starlette\routing.py", line 680, in app
    await route.handle(scope, receive, send)
  File "C:\MAXILLM\CadOwl\.venv\Lib\site-packages\starlette\routing.py", line 276, in handle
    await self.app(scope, receive, send)
  File "C:\MAXILLM\CadOwl\.venv\Lib\site-packages\fastapi\routing.py", line 134, in app
    await wrap_app_handling_exceptions(app, request)(scope, receive, send)
  File "C:\MAXILLM\CadOwl\.venv\Lib\site-packages\starlette\_exception_handler.py", line 53, in wrapped_app
    raise exc
  File "C:\MAXILLM\CadOwl\.venv\Lib\site-packages\starlette\_exception_handler.py", line 42, in wrapped_app
    await app(scope, receive, sender)
  File "C:\MAXILLM\CadOwl\.venv\Lib\site-packages\fastapi\routing.py", line 120, in app
    response = await f(request)
               ^^^^^^^^^^^^^^^^
  File "C:\MAXILLM\CadOwl\.venv\Lib\site-packages\fastapi\routing.py", line 674, in app
    raw_response = await run_endpoint_function(
                   ^^^^^^^^^^^^^^^^^^^^^^^^^^^^
  File "C:\MAXILLM\CadOwl\.venv\Lib\site-packages\fastapi\routing.py", line 328, in run_endpoint_function
    return await dependant.call(**values)
           ^^^^^^^^^^^^^^^^^^^^^^^^^^^^^^
  File "C:\MAXILLM\CadOwl\app\main.py", line 33, in home
    return templates.TemplateResponse("index.html", {"request": request})
           ^^^^^^^^^^^^^^^^^^^^^^^^^^^^^^^^^^^^^^^^^^^^^^^^^^^^^^^^^^^^^^
  File "C:\MAXILLM\CadOwl\.venv\Lib\site-packages\starlette\templating.py", line 148, in TemplateResponse
    template = self.get_template(name)
               ^^^^^^^^^^^^^^^^^^^^^^^
  File "C:\MAXILLM\CadOwl\.venv\Lib\site-packages\starlette\templating.py", line 115, in get_template
    return self.env.get_template(name)
           ^^^^^^^^^^^^^^^^^^^^^^^^^^^
  File "C:\MAXILLM\CadOwl\.venv\Lib\site-packages\jinja2\environment.py", line 1016, in get_template
    return self._load_template(name, globals)
           ^^^^^^^^^^^^^^^^^^^^^^^^^^^^^^^^^^
  File "C:\MAXILLM\CadOwl\.venv\Lib\site-packages\jinja2\environment.py", line 964, in _load_template
    template = self.cache.get(cache_key)
               ^^^^^^^^^^^^^^^^^^^^^^^^^
  File "C:\MAXILLM\CadOwl\.venv\Lib\site-packages\jinja2\utils.py", line 477, in get
    return self[key]
           ~~~~^^^^^
  File "C:\MAXILLM\CadOwl\.venv\Lib\site-packages\jinja2\utils.py", line 515, in __getitem__
    rv = self._mapping[key]
         ~~~~~~~~~~~~~^^^^^
TypeError: unhashable type: 'dict'
INFO:     127.0.0.1:57028 - "GET /dashboard HTTP/1.1" 500 Internal Server Error
ERROR:    Exception in ASGI application
Traceback (most recent call last):
  File "C:\MAXILLM\CadOwl\.venv\Lib\site-packages\uvicorn\protocols\http\h11_impl.py", line 415, in run_asgi
    result = await app(  # type: ignore[func-returns-value]
             ^^^^^^^^^^^^^^^^^^^^^^^^^^^^^^^^^^^^^^^^^^^^^^
  File "C:\MAXILLM\CadOwl\.venv\Lib\site-packages\uvicorn\middleware\proxy_headers.py", line 56, in __call__
    return await self.app(scope, receive, send)
           ^^^^^^^^^^^^^^^^^^^^^^^^^^^^^^^^^^^^
  File "C:\MAXILLM\CadOwl\.venv\Lib\site-packages\fastapi\applications.py", line 1159, in __call__
    await super().__call__(scope, receive, send)
  File "C:\MAXILLM\CadOwl\.venv\Lib\site-packages\starlette\applications.py", line 90, in __call__
    await self.middleware_stack(scope, receive, send)
  File "C:\MAXILLM\CadOwl\.venv\Lib\site-packages\starlette\middleware\errors.py", line 186, in __call__
    raise exc
  File "C:\MAXILLM\CadOwl\.venv\Lib\site-packages\starlette\middleware\errors.py", line 164, in __call__
    await self.app(scope, receive, _send)
  File "C:\MAXILLM\CadOwl\.venv\Lib\site-packages\starlette\middleware\exceptions.py", line 63, in __call__
    await wrap_app_handling_exceptions(self.app, conn)(scope, receive, send)
  File "C:\MAXILLM\CadOwl\.venv\Lib\site-packages\starlette\_exception_handler.py", line 53, in wrapped_app
    raise exc
  File "C:\MAXILLM\CadOwl\.venv\Lib\site-packages\starlette\_exception_handler.py", line 42, in wrapped_app
    await app(scope, receive, sender)
  File "C:\MAXILLM\CadOwl\.venv\Lib\site-packages\fastapi\middleware\asyncexitstack.py", line 18, in __call__
    await self.app(scope, receive, send)
  File "C:\MAXILLM\CadOwl\.venv\Lib\site-packages\starlette\routing.py", line 660, in __call__
    await self.middleware_stack(scope, receive, send)
  File "C:\MAXILLM\CadOwl\.venv\Lib\site-packages\starlette\routing.py", line 680, in app
    await route.handle(scope, receive, send)
  File "C:\MAXILLM\CadOwl\.venv\Lib\site-packages\starlette\routing.py", line 276, in handle
    await self.app(scope, receive, send)
  File "C:\MAXILLM\CadOwl\.venv\Lib\site-packages\fastapi\routing.py", line 134, in app
    await wrap_app_handling_exceptions(app, request)(scope, receive, send)
  File "C:\MAXILLM\CadOwl\.venv\Lib\site-packages\starlette\_exception_handler.py", line 53, in wrapped_app
    raise exc
  File "C:\MAXILLM\CadOwl\.venv\Lib\site-packages\starlette\_exception_handler.py", line 42, in wrapped_app
    await app(scope, receive, sender)
  File "C:\MAXILLM\CadOwl\.venv\Lib\site-packages\fastapi\routing.py", line 120, in app
    response = await f(request)
               ^^^^^^^^^^^^^^^^
  File "C:\MAXILLM\CadOwl\.venv\Lib\site-packages\fastapi\routing.py", line 674, in app
    raw_response = await run_endpoint_function(
                   ^^^^^^^^^^^^^^^^^^^^^^^^^^^^
  File "C:\MAXILLM\CadOwl\.venv\Lib\site-packages\fastapi\routing.py", line 328, in run_endpoint_function
    return await dependant.call(**values)
           ^^^^^^^^^^^^^^^^^^^^^^^^^^^^^^
  File "C:\MAXILLM\CadOwl\app\main.py", line 41, in dashboard
    return templates.TemplateResponse("dashboard.html", {
           ^^^^^^^^^^^^^^^^^^^^^^^^^^^^^^^^^^^^^^^^^^^^^^
  File "C:\MAXILLM\CadOwl\.venv\Lib\site-packages\starlette\templating.py", line 148, in TemplateResponse
    template = self.get_template(name)
               ^^^^^^^^^^^^^^^^^^^^^^^
  File "C:\MAXILLM\CadOwl\.venv\Lib\site-packages\starlette\templating.py", line 115, in get_template
    return self.env.get_template(name)
           ^^^^^^^^^^^^^^^^^^^^^^^^^^^
  File "C:\MAXILLM\CadOwl\.venv\Lib\site-packages\jinja2\environment.py", line 1016, in get_template
    return self._load_template(name, globals)
           ^^^^^^^^^^^^^^^^^^^^^^^^^^^^^^^^^^
  File "C:\MAXILLM\CadOwl\.venv\Lib\site-packages\jinja2\environment.py", line 964, in _load_template
    template = self.cache.get(cache_key)
               ^^^^^^^^^^^^^^^^^^^^^^^^^
  File "C:\MAXILLM\CadOwl\.venv\Lib\site-packages\jinja2\utils.py", line 477, in get
    return self[key]
           ~~~~^^^^^
  File "C:\MAXILLM\CadOwl\.venv\Lib\site-packages\jinja2\utils.py", line 515, in __getitem__
    rv = self._mapping[key]
         ~~~~~~~~~~~~~^^^^^
TypeError: unhashable type: 'dict'
